<?xml version="1.0" encoding="UTF-8"?>
<!-- Generated by org.testng.reporters.JUnitReportReporter -->
<testsuite hostname="MANEESHMS" failures="0" tests="1" name="Program.Yahoo_HomePage_Program" time="35.271" errors="0" timestamp="3 Apr 2020 23:04:13 GMT">
  <testcase classname="Program.Yahoo_HomePage_Program" name="openingBrowser" time="35.271"/>
</testsuite> <!-- Program.Yahoo_HomePage_Program -->
