<?xml version="1.0" encoding="UTF-8"?>
<!-- Generated by org.testng.reporters.JUnitReportReporter -->
<testsuite hostname="MANEESHMS" failures="0" tests="1" name="Program.YahooEmailPage" time="25.860" errors="0" timestamp="3 Apr 2020 23:04:13 GMT">
  <testcase classname="Program.YahooEmailPage" name="openingBrowser" time="25.860"/>
</testsuite> <!-- Program.YahooEmailPage -->
