<?xml version="1.0" encoding="UTF-8"?>
<!-- Generated by org.testng.reporters.JUnitReportReporter -->
<testsuite hostname="MANEESHMS" failures="0" tests="1" name="Program.Yahoo_HomePage_Program" time="34.678" errors="0" timestamp="3 Apr 2020 23:22:15 GMT">
  <testcase classname="Program.Yahoo_HomePage_Program" name="YahooHome" time="34.678"/>
</testsuite> <!-- Program.Yahoo_HomePage_Program -->
